<?xml version="1.0" encoding="UTF-8"?>
<!-- Generated by org.testng.reporters.JUnitReportReporter -->
<testsuite hostname="seema" failures="0" tests="6" name="testcases.Testtwo" time="78.093" errors="0" timestamp="2022-12-20T15:26:54 CST" skipped="0">
  <testcase classname="testcases.Testtwo" name="GetTitle" time="17.440"/>
  <system-out/>
  <testcase classname="testcases.Testtwo" name="Login" time="17.362"/>
  <system-out/>
  <testcase classname="testcases.Testtwo" name="Login" time="2.144"/>
  <system-out/>
  <testcase classname="testcases.Testtwo" name="Login" time="22.425"/>
  <system-out/>
  <testcase classname="testcases.Testtwo" name="Login" time="17.443"/>
  <system-out/>
  <testcase classname="testcases.Testtwo" name="CountItems" time="1.279"/>
  <system-out/>
</testsuite> <!-- testcases.Testtwo -->
