<?xml version="1.0" encoding="UTF-8"?>
<!-- Generated by org.testng.reporters.JUnitReportReporter -->
<testsuite hostname="seema" failures="0" tests="3" name="testcases.TestOne" time="53.530" errors="0" timestamp="2022-12-20T15:20:02 CST" skipped="0">
  <testcase classname="testcases.TestOne" name="Login" time="17.560"/>
  <system-out/>
  <testcase classname="testcases.TestOne" name="CountItems" time="18.818"/>
  <system-out/>
  <testcase classname="testcases.TestOne" name="GetTitle" time="17.152"/>
  <system-out/>
</testsuite> <!-- testcases.TestOne -->
